TN:
SF:controllers\postController.js
FN:4,(anonymous_0)
FN:19,(anonymous_1)
FN:48,(anonymous_2)
FN:57,(anonymous_3)
FN:70,(anonymous_4)
FNF:5
FNH:0
FNDA:0,(anonymous_0)
FNDA:0,(anonymous_1)
FNDA:0,(anonymous_2)
FNDA:0,(anonymous_3)
FNDA:0,(anonymous_4)
DA:1,0
DA:4,0
DA:5,0
DA:6,0
DA:10,0
DA:12,0
DA:13,0
DA:15,0
DA:19,0
DA:20,0
DA:21,0
DA:22,0
DA:23,0
DA:25,0
DA:30,0
DA:48,0
DA:49,0
DA:50,0
DA:51,0
DA:53,0
DA:57,0
DA:58,0
DA:59,0
DA:61,0
DA:62,0
DA:64,0
DA:66,0
DA:70,0
DA:71,0
DA:72,0
DA:73,0
DA:75,0
LF:32
LH:0
BRDA:10,0,0,0
BRDA:10,0,1,0
BRDA:22,1,0,0
BRDA:22,1,1,0
BRDA:61,2,0,0
BRDA:61,2,1,0
BRF:6
BRH:0
end_of_record
TN:
SF:controllers\userController.js
FN:4,(anonymous_0)
FN:14,(anonymous_1)
FN:24,(anonymous_2)
FN:34,(anonymous_3)
FN:45,(anonymous_4)
FNF:5
FNH:0
FNDA:0,(anonymous_0)
FNDA:0,(anonymous_1)
FNDA:0,(anonymous_2)
FNDA:0,(anonymous_3)
FNDA:0,(anonymous_4)
DA:1,1
DA:4,1
DA:5,0
DA:6,0
DA:7,0
DA:9,0
DA:14,1
DA:15,0
DA:16,0
DA:17,0
DA:19,0
DA:24,1
DA:25,0
DA:26,0
DA:27,0
DA:29,0
DA:34,1
DA:35,0
DA:36,0
DA:37,0
DA:40,0
DA:45,1
DA:46,0
DA:47,0
DA:48,0
DA:50,0
LF:26
LH:6
BRF:0
BRH:0
end_of_record
TN:
SF:middleware\authPostOwner.js
FN:3,(anonymous_0)
FNF:1
FNH:0
FNDA:0,(anonymous_0)
DA:1,0
DA:3,0
DA:4,0
DA:5,0
DA:7,0
DA:9,0
DA:12,0
DA:13,0
DA:16,0
DA:17,0
LF:10
LH:0
BRDA:9,0,0,0
BRDA:9,0,1,0
BRDA:12,1,0,0
BRDA:12,1,1,0
BRF:4
BRH:0
end_of_record
TN:
SF:middleware\authentication.js
FN:4,(anonymous_0)
FNF:1
FNH:0
FNDA:0,(anonymous_0)
DA:1,0
DA:4,0
DA:6,0
DA:11,0
DA:12,0
DA:15,0
DA:18,0
DA:20,0
DA:22,0
DA:23,0
DA:25,0
LF:11
LH:0
BRDA:11,0,0,0
BRDA:11,0,1,0
BRDA:11,1,0,0
BRDA:11,1,1,0
BRF:4
BRH:0
end_of_record
TN:
SF:middleware\errorHandler.js
FN:4,(anonymous_0)
FNF:1
FNH:0
FNDA:0,(anonymous_0)
DA:1,0
DA:4,0
DA:5,0
DA:8,0
DA:10,0
DA:11,0
DA:14,0
DA:15,0
DA:18,0
DA:21,0
LF:10
LH:0
BRDA:5,0,0,0
BRDA:5,0,1,0
BRDA:5,0,2,0
BRDA:8,1,0,0
BRDA:8,1,1,0
BRDA:8,1,2,0
BRF:6
BRH:0
end_of_record
TN:
SF:middleware\globalErrorHandler.js
FN:3,globalErrorHandler
FNF:1
FNH:0
FNDA:0,globalErrorHandler
DA:1,0
DA:4,0
DA:7,0
LF:3
LH:0
BRF:0
BRH:0
end_of_record
TN:
SF:middleware\rateLimiter.js
FNF:0
FNH:0
DA:1,1
DA:4,1
DA:12,1
DA:19,1
LF:4
LH:4
BRF:0
BRH:0
end_of_record
TN:
SF:middleware\upload.js
FN:5,(anonymous_0)
FN:8,(anonymous_1)
FN:15,(anonymous_2)
FNF:3
FNH:0
FNDA:0,(anonymous_0)
FNDA:0,(anonymous_1)
FNDA:0,(anonymous_2)
DA:1,0
DA:2,0
DA:4,0
DA:6,0
DA:9,0
DA:10,0
DA:11,0
DA:15,0
DA:16,0
DA:17,0
DA:19,0
DA:23,0
DA:25,0
LF:13
LH:0
BRDA:16,0,0,0
BRDA:16,0,1,0
BRF:2
BRH:0
end_of_record
TN:
SF:middleware\validation.js
FN:18,(anonymous_0)
FN:19,(anonymous_1)
FNF:2
FNH:1
FNDA:2,(anonymous_0)
FNDA:0,(anonymous_1)
DA:1,1
DA:3,1
DA:18,1
DA:19,2
DA:20,0
DA:21,0
DA:22,0
DA:24,0
DA:28,1
LF:9
LH:5
BRDA:21,0,0,0
BRDA:21,0,1,0
BRF:2
BRH:0
end_of_record
TN:
SF:service\postService.js
FN:7,(anonymous_0)
FN:28,(anonymous_1)
FN:148,(anonymous_2)
FN:177,(anonymous_3)
FN:181,(anonymous_4)
FN:204,(anonymous_5)
FNF:6
FNH:0
FNDA:0,(anonymous_0)
FNDA:0,(anonymous_1)
FNDA:0,(anonymous_2)
FNDA:0,(anonymous_3)
FNDA:0,(anonymous_4)
FNDA:0,(anonymous_5)
DA:1,0
DA:2,0
DA:3,0
DA:4,0
DA:7,0
DA:9,0
DA:16,0
DA:20,0
DA:24,0
DA:28,0
DA:29,0
DA:37,0
DA:38,0
DA:39,0
DA:48,0
DA:54,0
DA:55,0
DA:56,0
DA:64,0
DA:148,0
DA:149,0
DA:174,0
DA:177,0
DA:179,0
DA:180,0
DA:181,0
DA:182,0
DA:194,0
DA:196,0
DA:201,0
DA:204,0
DA:205,0
DA:210,0
LF:33
LH:0
BRDA:13,0,0,0
BRDA:13,0,1,0
BRDA:37,1,0,0
BRDA:37,1,1,0
BRDA:54,2,0,0
BRDA:54,2,1,0
BRDA:179,3,0,0
BRDA:179,3,1,0
BRDA:182,4,0,0
BRDA:182,4,1,0
BRF:10
BRH:0
end_of_record
TN:
SF:service\userService.js
FN:6,(anonymous_0)
FN:27,(anonymous_1)
FN:58,(anonymous_2)
FN:65,(anonymous_3)
FN:73,(anonymous_4)
FNF:5
FNH:0
FNDA:0,(anonymous_0)
FNDA:0,(anonymous_1)
FNDA:0,(anonymous_2)
FNDA:0,(anonymous_3)
FNDA:0,(anonymous_4)
DA:1,1
DA:2,1
DA:3,1
DA:6,1
DA:8,0
DA:11,0
DA:20,0
DA:22,0
DA:23,0
DA:24,0
DA:27,1
DA:29,0
DA:31,0
DA:32,0
DA:39,0
DA:40,0
DA:41,0
DA:48,0
DA:50,0
DA:51,0
DA:52,0
DA:58,1
DA:59,0
DA:62,0
DA:65,1
DA:66,0
DA:70,0
DA:73,1
DA:74,0
DA:90,0
LF:30
LH:8
BRDA:31,0,0,0
BRDA:31,0,1,0
BRDA:40,1,0,0
BRDA:40,1,1,0
BRF:4
BRH:0
end_of_record
TN:
SF:utils\bcrypt.js
FN:3,(anonymous_0)
FN:10,(anonymous_1)
FNF:2
FNH:2
FNDA:5,(anonymous_0)
FNDA:2,(anonymous_1)
DA:1,1
DA:3,1
DA:4,5
DA:5,5
DA:6,5
DA:10,1
DA:11,2
DA:12,2
LF:8
LH:8
BRF:0
BRH:0
end_of_record
TN:
SF:utils\jwt.js
FN:7,(anonymous_0)
FN:16,(anonymous_1)
FNF:2
FNH:2
FNDA:2,(anonymous_0)
FNDA:1,(anonymous_1)
DA:1,1
DA:3,1
DA:4,1
DA:7,1
DA:8,2
DA:13,0
DA:16,1
DA:17,1
DA:18,1
DA:19,0
DA:21,1
LF:11
LH:9
BRF:0
BRH:0
end_of_record
